<?xml version="1.0" encoding="UTF-8"?>
<!-- Generated by org.testng.reporters.JUnitReportReporter -->
<testsuite hostname="Admin-PC" failures="0" tests="1" name="automation.testsuite.Day7_Practice" time="7.290" errors="0" timestamp="2024-01-25T21:14:16 ICT" skipped="0">
  <testcase classname="automation.testsuite.Day7_Practice" name="testBepAnToan" time="7.290"/>
  <system-out/>
</testsuite> <!-- automation.testsuite.Day7_Practice -->
