<?xml version="1.0" encoding="UTF-8"?>
<!-- Generated by org.testng.reporters.JUnitReportReporter -->
<testsuite hostname="Admin-PC" failures="0" tests="1" name="automation.testsuite.Day8_Locator" time="13.406" errors="0" timestamp="2024-01-28T20:20:35 ICT" skipped="0">
  <testcase classname="automation.testsuite.Day8_Locator" name="practiceLocator" time="13.406"/>
  <system-out/>
</testsuite> <!-- automation.testsuite.Day8_Locator -->
